app/build/outputs/logs/manifest-merger-debug-report.txt
-- Merging decision tree log ---
manifest
ADDED from src\main\AndroidManifest.xml:2:1-51:12
INJECTED from src\main\AndroidManifest.xml:2:1-51:12
INJECTED from src\main\AndroidManifest.xml:2:1-51:12
INJECTED from src\main\AndroidManifest.xml:2:1-51:12
MERGED from [com.android.support:design:27.0.2] AndroidManifest.xml:17:1-22:12
MERGED from [com.github.florent37:materialtextfield:1.0.7] AndroidManifest.xml:2:1-12:12
MERGED from [com.android.support:appcompat-v7:27.0.2] AndroidManifest.xml:17:1-22:12
MERGED from [com.android.support:cardview-v7:27.0.0] AndroidManifest.xml:17:1-22:12
MERGED from [com.android.volley:volley:1.0.0] AndroidManifest.xml:2:1-11:12
MERGED from [com.android.support.constraint:constraint-layout:1.1.3] AndroidManifest.xml:2:1-11:12
MERGED from [com.wang.avi:library:2.1.3] AndroidManifest.xml:2:1-11:12
MERGED from [com.android.support:support-v4:27.0.2] AndroidManifest.xml:17:1-22:12
MERGED from [com.android.support:recyclerview-v7:27.0.2] AndroidManifest.xml:17:1-22:12
MERGED from [com.android.support:transition:27.0.2] AndroidManifest.xml:17:1-22:12
MERGED from [com.android.support:support-fragment:27.0.2] AndroidManifest.xml:17:1-22:12
MERGED from [com.android.support:animated-vector-drawable:27.0.2] AndroidManifest.xml:17:1-22:12
MERGED from [com.android.support:support-core-ui:27.0.2] AndroidManifest.xml:17:1-22:12
MERGED from [com.android.support:support-media-compat:27.0.2] AndroidManifest.xml:17:1-22:12
MERGED from [com.android.support:support-core-utils:27.0.2] AndroidManifest.xml:17:1-22:12
MERGED from [com.android.support:support-vector-drawable:27.0.2] AndroidManifest.xml:17:1-22:12
MERGED from [com.android.support:support-compat:27.0.2] AndroidManifest.xml:17:1-22:12
MERGED from [android.arch.lifecycle:runtime:1.0.3] AndroidManifest.xml:17:1-24:12
INJECTED from src\main\AndroidManifest.xml:2:1-51:12
INJECTED from src\main\AndroidManifest.xml:2:1-51:12
INJECTED from src\main\AndroidManifest.xml:2:1-51:12
	package
		ADDED from src\main\AndroidManifest.xml:4:5-43
		INJECTED from src\main\AndroidManifest.xml
		INJECTED from src\main\AndroidManifest.xml
	android:versionName
		INJECTED from src\main\AndroidManifest.xml
		ADDED from src\main\AndroidManifest.xml:2:1-51:12
		INJECTED from src\main\AndroidManifest.xml
	xmlns:tools
		ADDED from src\main\AndroidManifest.xml:3:5-51
	android:versionCode
		INJECTED from src\main\AndroidManifest.xml
		ADDED from src\main\AndroidManifest.xml:2:1-51:12
		INJECTED from src\main\AndroidManifest.xml
	xmlns:android
		ADDED from src\main\AndroidManifest.xml:2:11-69
uses-permission#android.permission.INTERNET
ADDED from src\main\AndroidManifest.xml:6:5-67
	android:name
		ADDED from src\main\AndroidManifest.xml:6:22-64
application
ADDED from src\main\AndroidManifest.xml:8:5-49:19
MERGED from [com.android.volley:volley:1.0.0] AndroidManifest.xml:9:5-20
MERGED from [com.android.volley:volley:1.0.0] AndroidManifest.xml:9:5-20
MERGED from [com.android.support.constraint:constraint-layout:1.1.3] AndroidManifest.xml:9:5-20
MERGED from [com.android.support.constraint:constraint-layout:1.1.3] AndroidManifest.xml:9:5-20
	android:supportsRtl
		ADDED from src\main\AndroidManifest.xml:13:9-35
	android:label
		ADDED from src\main\AndroidManifest.xml:11:9-41
	tools:ignore
		ADDED from src\main\AndroidManifest.xml:15:9-48
	android:roundIcon
		ADDED from src\main\AndroidManifest.xml:12:9-54
	android:icon
		ADDED from src\main\AndroidManifest.xml:10:9-43
	android:allowBackup
		ADDED from src\main\AndroidManifest.xml:9:9-35
	android:theme
		ADDED from src\main\AndroidManifest.xml:14:9-40
activity#com.ekattorit.messmanagement.SplashActitity
ADDED from src\main\AndroidManifest.xml:16:9-22:20
	android:name
		ADDED from src\main\AndroidManifest.xml:16:19-49
intent-filter#action:name:android.intent.action.MAIN+category:name:android.intent.category.LAUNCHER
ADDED from src\main\AndroidManifest.xml:17:13-21:29
action#android.intent.action.MAIN
ADDED from src\main\AndroidManifest.xml:18:17-69
	android:name
		ADDED from src\main\AndroidManifest.xml:18:25-66
category#android.intent.category.LAUNCHER
ADDED from src\main\AndroidManifest.xml:20:17-77
	android:name
		ADDED from src\main\AndroidManifest.xml:20:27-74
activity#com.ekattorit.messmanagement.MainActivity
ADDED from src\main\AndroidManifest.xml:23:9-49
	android:name
		ADDED from src\main\AndroidManifest.xml:23:19-47
activity#com.ekattorit.messmanagement.SetUp
ADDED from src\main\AndroidManifest.xml:24:9-43
	android:name
		ADDED from src\main\AndroidManifest.xml:24:19-40
activity#com.ekattorit.messmanagement.Login
ADDED from src\main\AndroidManifest.xml:25:9-43
	android:name
		ADDED from src\main\AndroidManifest.xml:25:19-40
activity#com.ekattorit.messmanagement.ManagerDash
ADDED from src\main\AndroidManifest.xml:26:9-49
	android:name
		ADDED from src\main\AndroidManifest.xml:26:19-46
activity#com.ekattorit.messmanagement.MessRegister
ADDED from src\main\AndroidManifest.xml:27:9-50
	android:name
		ADDED from src\main\AndroidManifest.xml:27:19-47
activity#com.ekattorit.messmanagement.FullSetUp
ADDED from src\main\AndroidManifest.xml:28:9-47
	android:name
		ADDED from src\main\AndroidManifest.xml:28:19-44
activity#com.ekattorit.messmanagement.ManageMess
ADDED from src\main\AndroidManifest.xml:29:9-48
	android:name
		ADDED from src\main\AndroidManifest.xml:29:19-45
activity#com.ekattorit.messmanagement.DashBoard
ADDED from src\main\AndroidManifest.xml:30:9-33:47
	android:label
		ADDED from src\main\AndroidManifest.xml:32:13-62
	android:theme
		ADDED from src\main\AndroidManifest.xml:33:13-44
	android:name
		ADDED from src\main\AndroidManifest.xml:31:13-38
activity#com.ekattorit.messmanagement.Bazar
ADDED from src\main\AndroidManifest.xml:34:9-37:47
	android:label
		ADDED from src\main\AndroidManifest.xml:36:13-56
	android:theme
		ADDED from src\main\AndroidManifest.xml:37:13-44
	android:name
		ADDED from src\main\AndroidManifest.xml:35:13-34
activity#com.ekattorit.messmanagement.AddMeal
ADDED from src\main\AndroidManifest.xml:38:9-45
	android:name
		ADDED from src\main\AndroidManifest.xml:38:19-42
activity#com.ekattorit.messmanagement.MessConnect
ADDED from src\main\AndroidManifest.xml:39:9-42:47
	android:label
		ADDED from src\main\AndroidManifest.xml:41:13-64
	android:theme
		ADDED from src\main\AndroidManifest.xml:42:13-44
	android:name
		ADDED from src\main\AndroidManifest.xml:40:13-40
activity#com.ekattorit.messmanagement.AllBazar
ADDED from src\main\AndroidManifest.xml:43:9-46
	android:name
		ADDED from src\main\AndroidManifest.xml:43:19-43
activity#com.ekattorit.messmanagement.AddBazar
ADDED from src\main\AndroidManifest.xml:44:9-46
	android:name
		ADDED from src\main\AndroidManifest.xml:44:19-43
activity#com.ekattorit.messmanagement.AddPayment
ADDED from src\main\AndroidManifest.xml:45:9-48
	android:name
		ADDED from src\main\AndroidManifest.xml:45:19-45
activity#com.ekattorit.messmanagement.AllMember
ADDED from src\main\AndroidManifest.xml:46:9-47
	android:name
		ADDED from src\main\AndroidManifest.xml:46:19-44
activity#com.ekattorit.messmanagement.AllPayment
ADDED from src\main\AndroidManifest.xml:47:9-48
	android:name
		ADDED from src\main\AndroidManifest.xml:47:19-45
activity#com.ekattorit.messmanagement.DemoAllBazar
ADDED from src\main\AndroidManifest.xml:48:9-50
	android:name
		ADDED from src\main\AndroidManifest.xml:48:19-47
uses-sdk
INJECTED from src\main\AndroidManifest.xml reason: use-sdk injection requested
INJECTED from src\main\AndroidManifest.xml
INJECTED from src\main\AndroidManifest.xml
MERGED from [com.android.support:design:27.0.2] AndroidManifest.xml:20:5-44
MERGED from [com.android.support:design:27.0.2] AndroidManifest.xml:20:5-44
MERGED from [com.github.florent37:materialtextfield:1.0.7] AndroidManifest.xml:8:5-10:41
MERGED from [com.github.florent37:materialtextfield:1.0.7] AndroidManifest.xml:8:5-10:41
MERGED from [com.android.support:appcompat-v7:27.0.2] AndroidManifest.xml:20:5-44
MERGED from [com.android.support:appcompat-v7:27.0.2] AndroidManifest.xml:20:5-44
MERGED from [com.android.support:cardview-v7:27.0.0] AndroidManifest.xml:20:5-44
MERGED from [com.android.support:cardview-v7:27.0.0] AndroidManifest.xml:20:5-44
MERGED from [com.android.volley:volley:1.0.0] AndroidManifest.xml:7:5-43
MERGED from [com.android.volley:volley:1.0.0] AndroidManifest.xml:7:5-43
MERGED from [com.android.support.constraint:constraint-layout:1.1.3] AndroidManifest.xml:5:5-7:41
MERGED from [com.android.support.constraint:constraint-layout:1.1.3] AndroidManifest.xml:5:5-7:41
MERGED from [com.wang.avi:library:2.1.3] AndroidManifest.xml:7:5-9:41
MERGED from [com.wang.avi:library:2.1.3] AndroidManifest.xml:7:5-9:41
MERGED from [com.android.support:support-v4:27.0.2] AndroidManifest.xml:20:5-44
MERGED from [com.android.support:support-v4:27.0.2] AndroidManifest.xml:20:5-44
MERGED from [com.android.support:recyclerview-v7:27.0.2] AndroidManifest.xml:20:5-44
MERGED from [com.android.support:recyclerview-v7:27.0.2] AndroidManifest.xml:20:5-44
MERGED from [com.android.support:transition:27.0.2] AndroidManifest.xml:20:5-44
MERGED from [com.android.support:transition:27.0.2] AndroidManifest.xml:20:5-44
MERGED from [com.android.support:support-fragment:27.0.2] AndroidManifest.xml:20:5-44
MERGED from [com.android.support:support-fragment:27.0.2] AndroidManifest.xml:20:5-44
MERGED from [com.android.support:animated-vector-drawable:27.0.2] AndroidManifest.xml:20:5-44
MERGED from [com.android.support:animated-vector-drawable:27.0.2] AndroidManifest.xml:20:5-44
MERGED from [com.android.support:support-core-ui:27.0.2] AndroidManifest.xml:20:5-44
MERGED from [com.android.support:support-core-ui:27.0.2] AndroidManifest.xml:20:5-44
MERGED from [com.android.support:support-media-compat:27.0.2] AndroidManifest.xml:20:5-44
MERGED from [com.android.support:support-media-compat:27.0.2] AndroidManifest.xml:20:5-44
MERGED from [com.android.support:support-core-utils:27.0.2] AndroidManifest.xml:20:5-44
MERGED from [com.android.support:support-core-utils:27.0.2] AndroidManifest.xml:20:5-44
MERGED from [com.android.support:support-vector-drawable:27.0.2] AndroidManifest.xml:20:5-44
MERGED from [com.android.support:support-vector-drawable:27.0.2] AndroidManifest.xml:20:5-44
MERGED from [com.android.support:support-compat:27.0.2] AndroidManifest.xml:20:5-44
MERGED from [com.android.support:support-compat:27.0.2] AndroidManifest.xml:20:5-44
MERGED from [android.arch.lifecycle:runtime:1.0.3] AndroidManifest.xml:20:5-22:41
MERGED from [android.arch.lifecycle:runtime:1.0.3] AndroidManifest.xml:20:5-22:41
INJECTED from src\main\AndroidManifest.xml
INJECTED from src\main\AndroidManifest.xml
	android:targetSdkVersion
		INJECTED from src\main\AndroidManifest.xml
		ADDED from src\main\AndroidManifest.xml
		INJECTED from src\main\AndroidManifest.xml
	android:minSdkVersion
		INJECTED from src\main\AndroidManifest.xml
		ADDED from src\main\AndroidManifest.xml
		INJECTED from src\main\AndroidManifest.xml